<?xml version="1.0" encoding="UTF-8"?>
<!-- Generated by org.testng.reporters.JUnitReportReporter -->
<testsuite skipped="0" hostname="Lenovo" name="com.test.CreateCard_Test" tests="4" failures="0" timestamp="2019-09-22T10:01:39 ART" time="12.397" errors="0">
  <testcase name="loginTrelloInBrowser" time="7.727" classname="com.test.CreateCard_Test"/>
  <testcase name="openFirstBoard" time="3.459" classname="com.test.CreateCard_Test"/>
  <testcase name="createCard" time="1.106" classname="com.test.CreateCard_Test"/>
  <testcase name="lastVerification" time="0.105" classname="com.test.CreateCard_Test"/>
</testsuite> <!-- com.test.CreateCard_Test -->
