<?xml version="1.0" encoding="UTF-8"?>
<!-- Generated by org.testng.reporters.JUnitReportReporter -->
<testsuite skipped="0" hostname="Lenovo" name="com.test.Login_Test" tests="1" failures="0" timestamp="2019-09-21T16:49:56 ART" time="8.575" errors="0">
  <testcase name="launchPage" time="8.575" classname="com.test.Login_Test"/>
</testsuite> <!-- com.test.Login_Test -->
